<?xml version="1.0" encoding="UTF-8"?>
<testsuite xmlns:xsi="http://www.w3.org/2001/XMLSchema-instance" xsi:noNamespaceSchemaLocation="https://maven.apache.org/surefire/maven-surefire-plugin/xsd/surefire-test-report.xsd" version="3.0.2" name="TestSuite" time="76.842" tests="4" errors="0" skipped="0" failures="1">
  <properties>
[...]
</properties>
  <testcase name="verifyOrangeHRMLogin" classname="com.neel.playwright.tests.LoginTest" time="7.985">
    <system-err><![CDATA[SLF4J(W): No SLF4J providers were found.
SLF4J(W): Defaulting to no-operation (NOP) logger implementation
SLF4J(W): See https://www.slf4j.org/codes.html#noProviders for further details.
]]></system-err>
  </testcase>
  <testcase name="verifyOrangeHRMLogout" classname="com.neel.playwright.tests.LogoutTest" time="13.933"/>
  <testcase name="verifyCreateBuzzPost" classname="com.neel.playwright.tests.CreateBuzzPostTest" time="13.647"/>
  <testcase name="verifyDeleteBuzzPost" classname="com.neel.playwright.tests.DeleteBuzzPostTest" time="24.611">
    <failure message="Failed to delete post: Error {&#10;  message=&apos;Target page, context or browser has been closed&#10;  name=&apos;TargetClosedError&#10;  stack=&apos;TargetClosedError:Target page, context or browser has been closed&#10;Error&#10;    at captureRawStack (C:\Users\NEELGA~1\AppData\Local\Temp\playwright-java-823225183294847851\package\lib\coreBundle.js:3172:17)&#10;    at LongStandingScope._race (C:\Users\NEELGA~1\AppData\Local\Temp\playwright-java-823225183294847851\package\lib\coreBundle.js:3383:24)&#10;    at LongStandingScope.race (C:\Users\NEELGA~1\AppData\Local\Temp\playwright-java-823225183294847851\package\lib\coreBundle.js:3376:21)&#10;    at C:\Users\NEELGA~1\AppData\Local\Temp\playwright-java-823225183294847851\package\lib\coreBundle.js:3373:49&#10;    at Array.map (&lt;anonymous&gt;)&#10;    at LongStandingScope.raceMultiple (C:\Users\NEELGA~1\AppData\Local\Temp\playwright-java-823225183294847851\package\lib\coreBundle.js:3373:36)&#10;    at _Frame.retryWithProgressAndTimeouts (C:\Users\NEELGA~1\AppData\Local\Temp\playwright-java-823225183294847851\package\lib\coreBundle.js:23097:52)&#10;    at async _Frame.retryWithProgressAndBackoff (C:\Users\NEELGA~1\AppData\Local\Temp\playwright-java-823225183294847851\package\lib\coreBundle.js:23087:16)&#10;    at async _FrameDispatcher.waitForSelector (C:\Users\NEELGA~1\AppData\Local\Temp\playwright-java-823225183294847851\package\lib\coreBundle.js:53422:70)&#10;    at async _ProgressController.run (C:\Users\NEELGA~1\AppData\Local\Temp\playwright-java-823225183294847851\package\lib\coreBundle.js:11762:27)&#10;    at async _FrameDispatcher._runCommand (C:\Users\NEELGA~1\AppData\Local\Temp\playwright-java-823225183294847851\package\lib\coreBundle.js:18203:18)&#10;    at async DispatcherConnection.dispatch (C:\Users\NEELGA~1\AppData\Local\Temp\playwright-java-823225183294847851\package\lib\coreBundle.js:18408:27)&#10;}&#10;Call log:&#10;-   - waiting for locator(&quot;//div[contains(@class, &apos;oxd-dropdown-menu&apos;)]//button[contains(., &apos;Delete&apos;)] | //div[contains(@class, &apos;oxd-dropdown-menu&apos;)]//li[contains(., &apos;Delete&apos;)] | //button[contains(., &apos;Delete&apos;)]&quot;) to be visible&#10;" type="java.lang.AssertionError"><![CDATA[java.lang.AssertionError: 
Failed to delete post: Error {
  message='Target page, context or browser has been closed
  name='TargetClosedError
  stack='TargetClosedError:Target page, context or browser has been closed
Error
    at captureRawStack (C:\Users\NEELGA~1\AppData\Local\Temp\playwright-java-823225183294847851\package\lib\coreBundle.js:3172:17)
    at LongStandingScope._race (C:\Users\NEELGA~1\AppData\Local\Temp\playwright-java-823225183294847851\package\lib\coreBundle.js:3383:24)
    at LongStandingScope.race (C:\Users\NEELGA~1\AppData\Local\Temp\playwright-java-823225183294847851\package\lib\coreBundle.js:3376:21)
    at C:\Users\NEELGA~1\AppData\Local\Temp\playwright-java-823225183294847851\package\lib\coreBundle.js:3373:49
    at Array.map (<anonymous>)
    at LongStandingScope.raceMultiple (C:\Users\NEELGA~1\AppData\Local\Temp\playwright-java-823225183294847851\package\lib\coreBundle.js:3373:36)
    at _Frame.retryWithProgressAndTimeouts (C:\Users\NEELGA~1\AppData\Local\Temp\playwright-java-823225183294847851\package\lib\coreBundle.js:23097:52)
    at async _Frame.retryWithProgressAndBackoff (C:\Users\NEELGA~1\AppData\Local\Temp\playwright-java-823225183294847851\package\lib\coreBundle.js:23087:16)
    at async _FrameDispatcher.waitForSelector (C:\Users\NEELGA~1\AppData\Local\Temp\playwright-java-823225183294847851\package\lib\coreBundle.js:53422:70)
    at async _ProgressController.run (C:\Users\NEELGA~1\AppData\Local\Temp\playwright-java-823225183294847851\package\lib\coreBundle.js:11762:27)
    at async _FrameDispatcher._runCommand (C:\Users\NEELGA~1\AppData\Local\Temp\playwright-java-823225183294847851\package\lib\coreBundle.js:18203:18)
    at async DispatcherConnection.dispatch (C:\Users\NEELGA~1\AppData\Local\Temp\playwright-java-823225183294847851\package\lib\coreBundle.js:18408:27)
}
Call log:
-   - waiting for locator("//div[contains(@class, 'oxd-dropdown-menu')]//button[contains(., 'Delete')] | //div[contains(@class, 'oxd-dropdown-menu')]//li[contains(., 'Delete')] | //button[contains(., 'Delete')]") to be visible

	at org.testng.Assert.fail(Assert.java:111)
	at com.neel.playwright.tests.DeleteBuzzPostTest.verifyDeleteBuzzPost(DeleteBuzzPostTest.java:80)
	at java.base/jdk.internal.reflect.DirectMethodHandleAccessor.invoke(DirectMethodHandleAccessor.java:103)
	at java.base/java.lang.reflect.Method.invoke(Method.java:580)
	at org.testng.internal.invokers.MethodInvocationHelper.invokeMethod(MethodInvocationHelper.java:141)
	at org.testng.internal.invokers.TestInvoker.invokeMethod(TestInvoker.java:687)
	at org.testng.internal.invokers.TestInvoker.invokeTestMethod(TestInvoker.java:230)
	at org.testng.internal.invokers.MethodRunner.runInSequence(MethodRunner.java:63)
	at org.testng.internal.invokers.TestInvoker$MethodInvocationAgent.invoke(TestInvoker.java:995)
	at org.testng.internal.invokers.TestInvoker.invokeTestMethods(TestInvoker.java:203)
	at org.testng.internal.invokers.TestMethodWorker.invokeTestMethods(TestMethodWorker.java:154)
	at org.testng.internal.invokers.TestMethodWorker.run(TestMethodWorker.java:134)
	at java.base/java.util.ArrayList.forEach(ArrayList.java:1596)
	at org.testng.TestRunner.privateRun(TestRunner.java:741)
	at org.testng.TestRunner.run(TestRunner.java:616)
	at org.testng.SuiteRunner.runTest(SuiteRunner.java:421)
	at org.testng.SuiteRunner.runSequentially(SuiteRunner.java:413)
	at org.testng.SuiteRunner.privateRun(SuiteRunner.java:373)
	at org.testng.SuiteRunner.run(SuiteRunner.java:312)
	at org.testng.SuiteRunnerWorker.runSuite(SuiteRunnerWorker.java:52)
	at org.testng.SuiteRunnerWorker.run(SuiteRunnerWorker.java:95)
	at org.testng.TestNG.runSuitesSequentially(TestNG.java:1274)
	at org.testng.TestNG.runSuitesLocally(TestNG.java:1208)
	at org.testng.TestNG.runSuites(TestNG.java:1112)
	at org.testng.TestNG.run(TestNG.java:1079)
	at org.apache.maven.surefire.testng.TestNGExecutor.run(TestNGExecutor.java:308)
	at org.apache.maven.surefire.testng.TestNGXmlTestSuite.execute(TestNGXmlTestSuite.java:71)
	at org.apache.maven.surefire.testng.TestNGProvider.invoke(TestNGProvider.java:113)
	at org.apache.maven.surefire.booter.ForkedBooter.runSuitesInProcess(ForkedBooter.java:385)
	at org.apache.maven.surefire.booter.ForkedBooter.execute(ForkedBooter.java:162)
	at org.apache.maven.surefire.booter.ForkedBooter.run(ForkedBooter.java:507)
	at org.apache.maven.surefire.booter.ForkedBooter.main(ForkedBooter.java:495)
]]></failure>
  </testcase>
</testsuite>