<?xml version="1.0" encoding="UTF-8"?>
<testsuite xmlns:xsi="http://www.w3.org/2001/XMLSchema-instance" xsi:noNamespaceSchemaLocation="https://maven.apache.org/surefire/maven-surefire-plugin/xsd/surefire-test-report.xsd" version="3.0.2" name="TestSuite" time="49.217" tests="3" errors="0" skipped="0" failures="0">
  <properties>
[...]
</properties>
  <testcase name="verifyOrangeHRMLogin" classname="com.neel.playwright.tests.OrangeHRMTest" time="8.992">
    <system-err><![CDATA[SLF4J(W): No SLF4J providers were found.
SLF4J(W): Defaulting to no-operation (NOP) logger implementation
SLF4J(W): See https://www.slf4j.org/codes.html#noProviders for further details.
]]></system-err>
  </testcase>
  <testcase name="verifyOrangeHRMLogout" classname="com.neel.playwright.tests.OrangeHRMTest" time="12.365"/>
  <testcase name="verifyCreateBuzzPost" classname="com.neel.playwright.tests.OrangeHRMTest" time="15.14"/>
</testsuite>