<?xml version="1.0" encoding="UTF-8"?>
<testng-results ignored="0" total="3" passed="3" failed="0" skipped="0">
  <reporter-output>
  </reporter-output>
  <suite started-at="2026-08-16T20:32:25 IST" name="Playwright Automation Suite" finished-at="2026-08-16T20:33:13 IST" duration-ms="48377">
    <groups>
    </groups>
    <test started-at="2026-08-16T20:32:25 IST" name="OrangeHRM Tests" finished-at="2026-08-16T20:33:13 IST" duration-ms="48377">
      <class name="com.neel.playwright.tests.OrangeHRMTest">
        <test-method is-config="true" signature="setUp()[pri:0, instance:com.neel.playwright.tests.OrangeHRMTest@635eaaf1]" started-at="2026-08-16T20:32:25 IST" name="setUp" finished-at="2026-08-16T20:32:31 IST" duration-ms="6169" status="PASS">
          <reporter-output>
          </reporter-output>
        </test-method> <!-- setUp -->
        <test-method signature="verifyOrangeHRMLogin()[pri:1, instance:com.neel.playwright.tests.OrangeHRMTest@635eaaf1]" started-at="2026-08-16T20:32:31 IST" name="verifyOrangeHRMLogin" finished-at="2026-08-16T20:32:40 IST" duration-ms="8990" status="PASS">
          <reporter-output>
          </reporter-output>
        </test-method> <!-- verifyOrangeHRMLogin -->
        <test-method is-config="true" signature="tearDown()[pri:0, instance:com.neel.playwright.tests.OrangeHRMTest@635eaaf1]" started-at="2026-08-16T20:32:40 IST" name="tearDown" finished-at="2026-08-16T20:32:40 IST" duration-ms="536" status="PASS">
          <reporter-output>
          </reporter-output>
        </test-method> <!-- tearDown -->
        <test-method is-config="true" signature="setUp()[pri:0, instance:com.neel.playwright.tests.OrangeHRMTest@635eaaf1]" started-at="2026-08-16T20:32:40 IST" name="setUp" finished-at="2026-08-16T20:32:42 IST" duration-ms="1958" status="PASS">
          <reporter-output>
          </reporter-output>
        </test-method> <!-- setUp -->
        <test-method signature="verifyOrangeHRMLogout()[pri:2, instance:com.neel.playwright.tests.OrangeHRMTest@635eaaf1]" started-at="2026-08-16T20:32:42 IST" name="verifyOrangeHRMLogout" finished-at="2026-08-16T20:32:55 IST" duration-ms="12363" status="PASS">
          <reporter-output>
          </reporter-output>
        </test-method> <!-- verifyOrangeHRMLogout -->
        <test-method is-config="true" signature="tearDown()[pri:0, instance:com.neel.playwright.tests.OrangeHRMTest@635eaaf1]" started-at="2026-08-16T20:32:55 IST" name="tearDown" finished-at="2026-08-16T20:32:55 IST" duration-ms="566" status="PASS">
          <reporter-output>
          </reporter-output>
        </test-method> <!-- tearDown -->
        <test-method is-config="true" signature="setUp()[pri:0, instance:com.neel.playwright.tests.OrangeHRMTest@635eaaf1]" started-at="2026-08-16T20:32:55 IST" name="setUp" finished-at="2026-08-16T20:32:57 IST" duration-ms="2019" status="PASS">
          <reporter-output>
          </reporter-output>
        </test-method> <!-- setUp -->
        <test-method signature="verifyCreateBuzzPost()[pri:3, instance:com.neel.playwright.tests.OrangeHRMTest@635eaaf1]" started-at="2026-08-16T20:32:57 IST" name="verifyCreateBuzzPost" finished-at="2026-08-16T20:33:12 IST" duration-ms="15141" status="PASS">
          <reporter-output>
          </reporter-output>
        </test-method> <!-- verifyCreateBuzzPost -->
        <test-method is-config="true" signature="tearDown()[pri:0, instance:com.neel.playwright.tests.OrangeHRMTest@635eaaf1]" started-at="2026-08-16T20:33:12 IST" name="tearDown" finished-at="2026-08-16T20:33:13 IST" duration-ms="532" status="PASS">
          <reporter-output>
          </reporter-output>
        </test-method> <!-- tearDown -->
      </class> <!-- com.neel.playwright.tests.OrangeHRMTest -->
    </test> <!-- OrangeHRM Tests -->
  </suite> <!-- Playwright Automation Suite -->
</testng-results>
