<?xml version="1.0" encoding="UTF-8"?>
<!-- Generated by org.testng.reporters.JUnitXMLReporter -->
<testsuite ignored="0" hostname="Neel" failures="0" tests="3" name="OrangeHRM Tests" time="48.377" errors="0" timestamp="2026-08-16T20:33:13 IST">
  <testcase classname="com.neel.playwright.tests.OrangeHRMTest" name="verifyOrangeHRMLogin" time="8.99"/>
  <testcase classname="com.neel.playwright.tests.OrangeHRMTest" name="verifyOrangeHRMLogout" time="12.363"/>
  <testcase classname="com.neel.playwright.tests.OrangeHRMTest" name="verifyCreateBuzzPost" time="15.141"/>
</testsuite> <!-- OrangeHRM Tests -->
