<?xml version="1.0" encoding="UTF-8"?>
<!-- Generated by org.testng.reporters.JUnitXMLReporter -->
<testsuite ignored="0" hostname="Neel" failures="0" tests="3" name="Playwright Tests" time="46.411" errors="0" timestamp="2026-08-16T21:51:49 IST">
  <testcase classname="com.neel.playwright.tests.LoginTest" name="verifyOrangeHRMLogin" time="7.725"/>
  <testcase classname="com.neel.playwright.tests.LogoutTest" name="verifyOrangeHRMLogout" time="10.475"/>
  <testcase classname="com.neel.playwright.tests.CreateBuzzPostTest" name="verifyCreateBuzzPost" time="18.586"/>
</testsuite> <!-- Playwright Tests -->
