<?xml version="1.0" encoding="UTF-8"?>
<!-- Generated by org.testng.reporters.JUnitXMLReporter -->
<testsuite ignored="0" hostname="Neel" failures="0" tests="3" name="Playwright Tests" time="40.995" errors="0" timestamp="2026-08-16T22:15:21 IST">
  <testcase classname="com.neel.playwright.tests.LoginTest" name="verifyOrangeHRMLogin" time="8.136"/>
  <testcase classname="com.neel.playwright.tests.LogoutTest" name="verifyOrangeHRMLogout" time="10.503"/>
  <testcase classname="com.neel.playwright.tests.CreateBuzzPostTest" name="verifyCreateBuzzPost" time="12.598"/>
</testsuite> <!-- Playwright Tests -->
