<?xml version="1.0" encoding="UTF-8"?>
<!-- Generated by org.testng.reporters.JUnitReportReporter -->
<testsuite hostname="Neel" failures="0" tests="3" name="com.neel.playwright.tests.OrangeHRMTest" time="48.274" errors="0" timestamp="2026-08-16T20:33:13 IST" skipped="0">
  <testcase classname="com.neel.playwright.tests.OrangeHRMTest" name="verifyOrangeHRMLogin" time="11.514"/>
  <testcase classname="com.neel.playwright.tests.OrangeHRMTest" name="verifyOrangeHRMLogout" time="19.068"/>
  <testcase classname="com.neel.playwright.tests.OrangeHRMTest" name="verifyCreateBuzzPost" time="17.692"/>
</testsuite> <!-- com.neel.playwright.tests.OrangeHRMTest -->
